<?xml version="1.0" encoding="UTF-8"?>
<!-- Generated by org.testng.reporters.JUnitReportReporter -->
<testsuite skipped="0" hostname="DESKTOP-FUDE26F" name="Test.TestDAO" tests="1" failures="0" timestamp="2020-06-27T12:57:31 ICT" time="2.836" errors="0">
  <testcase name="TestDAO" time="2.836" classname="Test.TestDAO"/>
  <system-out/>
</testsuite> <!-- Test.TestDAO -->
